2020-11-27 11:30:44,791:INFO:Initializing load_model()
2020-11-27 11:30:44,791:INFO:load_model(model_name=model_cbc, platform=None, authentication=None, verbose=True)
2020-11-27 11:30:49,362:INFO:Initializing load_model()
2020-11-27 11:30:49,363:INFO:load_model(model_name=model_cbc, platform=None, authentication=None, verbose=True)
2020-11-27 11:32:42,718:INFO:Initializing load_model()
2020-11-27 11:32:42,719:INFO:load_model(model_name=model_cbc, platform=None, authentication=None, verbose=True)
2020-11-27 11:32:47,098:INFO:Initializing load_model()
2020-11-27 11:32:47,099:INFO:load_model(model_name=model_cbc, platform=None, authentication=None, verbose=True)
2020-11-27 11:35:47,025:INFO:Initializing predict_model()
2020-11-27 11:35:47,026:INFO:predict_model(estimator=Pipeline(steps=[('dtypes',
                 DataTypes_Auto_infer(display_types=False,
                                      ml_usecase='classification',
                                      target='target')),
                ('imputer',
                 Simple_Imputer(categorical_strategy='not_available',
                                fill_value_categorical=None,
                                fill_value_numerical=None,
                                numeric_strategy='mean',
                                target_variable=None)),
                ('new_levels1',
                 New_Catagorical_Levels_in_TestData(replacement_strategy='l...
                ('binn', 'passthrough'), ('rem_outliers', 'passthrough'),
                ('cluster_all', 'passthrough'),
                ('dummy', Dummify(target='target')),
                ('fix_perfect', Remove_100(target='target')),
                ('clean_names', Clean_Colum_Names()),
                ('feature_select', 'passthrough'), ('fix_multi', 'passthrough'),
                ('dfs', 'passthrough'), ('pca', 'passthrough'),
                ['trained_model',
                 <catboost.core.CatBoostClassifier object at 0x000001F3157DAD88>]]), probability_threshold=None, encoded_labels=False, round=4, verbose=True, ml_usecase=MLUsecase.CLASSIFICATION, display=None)
2020-11-27 11:35:47,026:INFO:Checking exceptions
2020-11-27 11:35:47,026:INFO:Preloading libraries
2020-11-27 11:36:44,635:INFO:Initializing load_model()
2020-11-27 11:36:44,635:INFO:load_model(model_name=model_cbc, platform=None, authentication=None, verbose=True)
2020-11-27 11:36:48,774:INFO:Initializing load_model()
2020-11-27 11:36:48,774:INFO:load_model(model_name=model_cbc, platform=None, authentication=None, verbose=True)
2020-11-27 11:37:47,735:INFO:Initializing predict_model()
2020-11-27 11:37:47,736:INFO:predict_model(estimator=Pipeline(steps=[('dtypes',
                 DataTypes_Auto_infer(display_types=False,
                                      ml_usecase='classification',
                                      target='target')),
                ('imputer',
                 Simple_Imputer(categorical_strategy='not_available',
                                fill_value_categorical=None,
                                fill_value_numerical=None,
                                numeric_strategy='mean',
                                target_variable=None)),
                ('new_levels1',
                 New_Catagorical_Levels_in_TestData(replacement_strategy='l...
                ('binn', 'passthrough'), ('rem_outliers', 'passthrough'),
                ('cluster_all', 'passthrough'),
                ('dummy', Dummify(target='target')),
                ('fix_perfect', Remove_100(target='target')),
                ('clean_names', Clean_Colum_Names()),
                ('feature_select', 'passthrough'), ('fix_multi', 'passthrough'),
                ('dfs', 'passthrough'), ('pca', 'passthrough'),
                ['trained_model',
                 <catboost.core.CatBoostClassifier object at 0x00000210A1C7AE88>]]), probability_threshold=None, encoded_labels=False, round=0, verbose=True, ml_usecase=MLUsecase.CLASSIFICATION, display=None)
2020-11-27 11:37:47,736:INFO:Checking exceptions
2020-11-27 11:37:47,736:INFO:Preloading libraries
2020-11-27 11:40:25,620:INFO:Initializing load_model()
2020-11-27 11:40:25,620:INFO:load_model(model_name=model_cbc, platform=None, authentication=None, verbose=True)
2020-11-27 11:40:30,279:INFO:Initializing load_model()
2020-11-27 11:40:30,280:INFO:load_model(model_name=model_cbc, platform=None, authentication=None, verbose=True)
2020-11-27 11:41:32,323:INFO:Initializing load_model()
2020-11-27 11:41:32,323:INFO:load_model(model_name=model_cbc, platform=None, authentication=None, verbose=True)
2020-11-27 11:41:36,633:INFO:Initializing load_model()
2020-11-27 11:41:36,633:INFO:load_model(model_name=model_cbc, platform=None, authentication=None, verbose=True)
2020-11-27 11:41:54,511:INFO:Initializing predict_model()
2020-11-27 11:41:54,511:INFO:predict_model(estimator=Pipeline(steps=[('dtypes',
                 DataTypes_Auto_infer(display_types=False,
                                      ml_usecase='classification',
                                      target='target')),
                ('imputer',
                 Simple_Imputer(categorical_strategy='not_available',
                                fill_value_categorical=None,
                                fill_value_numerical=None,
                                numeric_strategy='mean',
                                target_variable=None)),
                ('new_levels1',
                 New_Catagorical_Levels_in_TestData(replacement_strategy='l...
                ('binn', 'passthrough'), ('rem_outliers', 'passthrough'),
                ('cluster_all', 'passthrough'),
                ('dummy', Dummify(target='target')),
                ('fix_perfect', Remove_100(target='target')),
                ('clean_names', Clean_Colum_Names()),
                ('feature_select', 'passthrough'), ('fix_multi', 'passthrough'),
                ('dfs', 'passthrough'), ('pca', 'passthrough'),
                ['trained_model',
                 <catboost.core.CatBoostClassifier object at 0x000001A413ADAD48>]]), probability_threshold=None, encoded_labels=False, round=4, verbose=True, ml_usecase=MLUsecase.CLASSIFICATION, display=None)
2020-11-27 11:41:54,511:INFO:Checking exceptions
2020-11-27 11:41:54,511:INFO:Preloading libraries
2020-11-27 11:42:52,314:INFO:Initializing predict_model()
2020-11-27 11:42:52,314:INFO:predict_model(estimator=Pipeline(steps=[('dtypes',
                 DataTypes_Auto_infer(display_types=False,
                                      ml_usecase='classification',
                                      target='target')),
                ('imputer',
                 Simple_Imputer(categorical_strategy='not_available',
                                fill_value_categorical=None,
                                fill_value_numerical=None,
                                numeric_strategy='mean',
                                target_variable=None)),
                ('new_levels1',
                 New_Catagorical_Levels_in_TestData(replacement_strategy='l...
                ('binn', 'passthrough'), ('rem_outliers', 'passthrough'),
                ('cluster_all', 'passthrough'),
                ('dummy', Dummify(target='target')),
                ('fix_perfect', Remove_100(target='target')),
                ('clean_names', Clean_Colum_Names()),
                ('feature_select', 'passthrough'), ('fix_multi', 'passthrough'),
                ('dfs', 'passthrough'), ('pca', 'passthrough'),
                ['trained_model',
                 <catboost.core.CatBoostClassifier object at 0x000001A413ADAD48>]]), probability_threshold=None, encoded_labels=False, round=0, verbose=True, ml_usecase=MLUsecase.CLASSIFICATION, display=None)
2020-11-27 11:42:52,315:INFO:Checking exceptions
2020-11-27 11:42:52,315:INFO:Preloading libraries
2020-11-27 11:45:33,238:INFO:Initializing load_model()
2020-11-27 11:45:33,238:INFO:load_model(model_name=model_cbc, platform=None, authentication=None, verbose=True)
2020-11-27 11:45:37,789:INFO:Initializing load_model()
2020-11-27 11:45:37,789:INFO:load_model(model_name=model_cbc, platform=None, authentication=None, verbose=True)
2020-11-27 11:45:53,008:INFO:Initializing predict_model()
2020-11-27 11:45:53,009:INFO:predict_model(estimator=Pipeline(steps=[('dtypes',
                 DataTypes_Auto_infer(display_types=False,
                                      ml_usecase='classification',
                                      target='target')),
                ('imputer',
                 Simple_Imputer(categorical_strategy='not_available',
                                fill_value_categorical=None,
                                fill_value_numerical=None,
                                numeric_strategy='mean',
                                target_variable=None)),
                ('new_levels1',
                 New_Catagorical_Levels_in_TestData(replacement_strategy='l...
                ('binn', 'passthrough'), ('rem_outliers', 'passthrough'),
                ('cluster_all', 'passthrough'),
                ('dummy', Dummify(target='target')),
                ('fix_perfect', Remove_100(target='target')),
                ('clean_names', Clean_Colum_Names()),
                ('feature_select', 'passthrough'), ('fix_multi', 'passthrough'),
                ('dfs', 'passthrough'), ('pca', 'passthrough'),
                ['trained_model',
                 <catboost.core.CatBoostClassifier object at 0x000001ED8728AD88>]]), probability_threshold=None, encoded_labels=False, round=0, verbose=True, ml_usecase=MLUsecase.CLASSIFICATION, display=None)
2020-11-27 11:45:53,009:INFO:Checking exceptions
2020-11-27 11:45:53,009:INFO:Preloading libraries
2020-11-27 11:59:15,365:INFO:Initializing load_model()
2020-11-27 11:59:15,365:INFO:load_model(model_name=model_cbc, platform=None, authentication=None, verbose=True)
2020-11-27 12:32:50,655:INFO:Initializing load_model()
2020-11-27 12:32:50,656:INFO:load_model(model_name=model_cbc, platform=None, authentication=None, verbose=True)
2020-11-27 12:32:55,126:INFO:Initializing load_model()
2020-11-27 12:32:55,126:INFO:load_model(model_name=model_cbc, platform=None, authentication=None, verbose=True)
2020-11-27 12:33:09,620:INFO:Initializing predict_model()
2020-11-27 12:33:09,621:INFO:predict_model(estimator=Pipeline(steps=[('dtypes',
                 DataTypes_Auto_infer(display_types=False,
                                      ml_usecase='classification',
                                      target='target')),
                ('imputer',
                 Simple_Imputer(categorical_strategy='not_available',
                                fill_value_categorical=None,
                                fill_value_numerical=None,
                                numeric_strategy='mean',
                                target_variable=None)),
                ('new_levels1',
                 New_Catagorical_Levels_in_TestData(replacement_strategy='l...
                ('binn', 'passthrough'), ('rem_outliers', 'passthrough'),
                ('cluster_all', 'passthrough'),
                ('dummy', Dummify(target='target')),
                ('fix_perfect', Remove_100(target='target')),
                ('clean_names', Clean_Colum_Names()),
                ('feature_select', 'passthrough'), ('fix_multi', 'passthrough'),
                ('dfs', 'passthrough'), ('pca', 'passthrough'),
                ['trained_model',
                 <catboost.core.CatBoostClassifier object at 0x0000029F4942ADC8>]]), probability_threshold=None, encoded_labels=False, round=0, verbose=True, ml_usecase=MLUsecase.CLASSIFICATION, display=None)
2020-11-27 12:33:09,621:INFO:Checking exceptions
2020-11-27 12:33:09,621:INFO:Preloading libraries
2020-11-27 12:33:33,402:INFO:Initializing predict_model()
2020-11-27 12:33:33,402:INFO:predict_model(estimator=Pipeline(steps=[('dtypes',
                 DataTypes_Auto_infer(display_types=False,
                                      ml_usecase='classification',
                                      target='target')),
                ('imputer',
                 Simple_Imputer(categorical_strategy='not_available',
                                fill_value_categorical=None,
                                fill_value_numerical=None,
                                numeric_strategy='mean',
                                target_variable=None)),
                ('new_levels1',
                 New_Catagorical_Levels_in_TestData(replacement_strategy='l...
                ('binn', 'passthrough'), ('rem_outliers', 'passthrough'),
                ('cluster_all', 'passthrough'),
                ('dummy', Dummify(target='target')),
                ('fix_perfect', Remove_100(target='target')),
                ('clean_names', Clean_Colum_Names()),
                ('feature_select', 'passthrough'), ('fix_multi', 'passthrough'),
                ('dfs', 'passthrough'), ('pca', 'passthrough'),
                ['trained_model',
                 <catboost.core.CatBoostClassifier object at 0x0000029F4942ADC8>]]), probability_threshold=None, encoded_labels=False, round=4, verbose=True, ml_usecase=MLUsecase.CLASSIFICATION, display=None)
2020-11-27 12:33:33,402:INFO:Checking exceptions
2020-11-27 12:33:33,402:INFO:Preloading libraries
2020-11-27 12:34:20,945:INFO:Initializing predict_model()
2020-11-27 12:34:20,945:INFO:predict_model(estimator=Pipeline(steps=[('dtypes',
                 DataTypes_Auto_infer(display_types=False,
                                      ml_usecase='classification',
                                      target='target')),
                ('imputer',
                 Simple_Imputer(categorical_strategy='not_available',
                                fill_value_categorical=None,
                                fill_value_numerical=None,
                                numeric_strategy='mean',
                                target_variable=None)),
                ('new_levels1',
                 New_Catagorical_Levels_in_TestData(replacement_strategy='l...
                ('binn', 'passthrough'), ('rem_outliers', 'passthrough'),
                ('cluster_all', 'passthrough'),
                ('dummy', Dummify(target='target')),
                ('fix_perfect', Remove_100(target='target')),
                ('clean_names', Clean_Colum_Names()),
                ('feature_select', 'passthrough'), ('fix_multi', 'passthrough'),
                ('dfs', 'passthrough'), ('pca', 'passthrough'),
                ['trained_model',
                 <catboost.core.CatBoostClassifier object at 0x0000029F4942ADC8>]]), probability_threshold=None, encoded_labels=False, round=0, verbose=True, ml_usecase=MLUsecase.CLASSIFICATION, display=None)
2020-11-27 12:34:20,945:INFO:Checking exceptions
2020-11-27 12:34:20,945:INFO:Preloading libraries
2020-11-27 12:35:17,756:INFO:Initializing load_model()
2020-11-27 12:35:17,756:INFO:load_model(model_name=model_cbc, platform=None, authentication=None, verbose=True)
2020-11-27 12:35:25,151:INFO:Initializing predict_model()
2020-11-27 12:35:25,151:INFO:predict_model(estimator=Pipeline(steps=[('dtypes',
                 DataTypes_Auto_infer(display_types=False,
                                      ml_usecase='classification',
                                      target='target')),
                ('imputer',
                 Simple_Imputer(categorical_strategy='not_available',
                                fill_value_categorical=None,
                                fill_value_numerical=None,
                                numeric_strategy='mean',
                                target_variable=None)),
                ('new_levels1',
                 New_Catagorical_Levels_in_TestData(replacement_strategy='l...
                ('binn', 'passthrough'), ('rem_outliers', 'passthrough'),
                ('cluster_all', 'passthrough'),
                ('dummy', Dummify(target='target')),
                ('fix_perfect', Remove_100(target='target')),
                ('clean_names', Clean_Colum_Names()),
                ('feature_select', 'passthrough'), ('fix_multi', 'passthrough'),
                ('dfs', 'passthrough'), ('pca', 'passthrough'),
                ['trained_model',
                 <catboost.core.CatBoostClassifier object at 0x000001FEC502B9C8>]]), probability_threshold=None, encoded_labels=False, round=0, verbose=True, ml_usecase=MLUsecase.CLASSIFICATION, display=None)
2020-11-27 12:35:25,151:INFO:Checking exceptions
2020-11-27 12:35:25,151:INFO:Preloading libraries
2020-11-27 12:35:39,679:INFO:Initializing predict_model()
2020-11-27 12:35:39,680:INFO:predict_model(estimator=Pipeline(steps=[('dtypes',
                 DataTypes_Auto_infer(display_types=False,
                                      ml_usecase='classification',
                                      target='target')),
                ('imputer',
                 Simple_Imputer(categorical_strategy='not_available',
                                fill_value_categorical=None,
                                fill_value_numerical=None,
                                numeric_strategy='mean',
                                target_variable=None)),
                ('new_levels1',
                 New_Catagorical_Levels_in_TestData(replacement_strategy='l...
                ('binn', 'passthrough'), ('rem_outliers', 'passthrough'),
                ('cluster_all', 'passthrough'),
                ('dummy', Dummify(target='target')),
                ('fix_perfect', Remove_100(target='target')),
                ('clean_names', Clean_Colum_Names()),
                ('feature_select', 'passthrough'), ('fix_multi', 'passthrough'),
                ('dfs', 'passthrough'), ('pca', 'passthrough'),
                ['trained_model',
                 <catboost.core.CatBoostClassifier object at 0x000001FEC502B9C8>]]), probability_threshold=None, encoded_labels=False, round=0, verbose=True, ml_usecase=MLUsecase.CLASSIFICATION, display=None)
2020-11-27 12:35:39,680:INFO:Checking exceptions
2020-11-27 12:35:39,680:INFO:Preloading libraries
2020-11-27 12:38:29,479:INFO:Initializing load_model()
2020-11-27 12:38:29,479:INFO:load_model(model_name=model_cbc, platform=None, authentication=None, verbose=True)
